<?xml version="1.0" encoding="UTF-8"?>
<testng-results skipped="0" failed="0" ignored="0" total="1" passed="1">
  <reporter-output>
  </reporter-output>
  <suite name="Default suite" duration-ms="4552" started-at="2019-01-05T11:46:44Z" finished-at="2019-01-05T11:46:48Z">
    <groups>
    </groups>
    <test name="Default test" duration-ms="4552" started-at="2019-01-05T11:46:44Z" finished-at="2019-01-05T11:46:48Z">
      <class name="Test.CalculatorClass">
        <test-method status="PASS" signature="setup()[pri:0, instance:Test.CalculatorClass@233fe9b6]" name="setup" is-config="true" duration-ms="2549" started-at="2019-01-05T11:46:44Z" finished-at="2019-01-05T11:46:47Z">
          <reporter-output>
          </reporter-output>
        </test-method> <!-- setup -->
        <test-method status="PASS" signature="testCalc()[pri:0, instance:Test.CalculatorClass@233fe9b6]" name="testCalc" duration-ms="1694" started-at="2019-01-05T11:46:47Z" finished-at="2019-01-05T11:46:48Z">
          <reporter-output>
          </reporter-output>
        </test-method> <!-- testCalc -->
      </class> <!-- Test.CalculatorClass -->
    </test> <!-- Default test -->
  </suite> <!-- Default suite -->
</testng-results>
